<?xml version="1.0" encoding="UTF-8"?>
<testng-results ignored="0" total="1" passed="1" failed="0" skipped="0">
  <reporter-output>
  </reporter-output>
  <suite started-at="2023-12-12T12:54:12 IST" name="Default suite" finished-at="2023-12-12T12:54:15 IST" duration-ms="2695">
    <groups>
    </groups>
    <test started-at="2023-12-12T12:54:12 IST" name="Default test" finished-at="2023-12-12T12:54:15 IST" duration-ms="2695">
      <class name="New.Tests">
        <test-method signature="Gs()[pri:0, instance:New.Tests@5c5eefef]" started-at="2023-12-12T12:54:12 IST" name="Gs" finished-at="2023-12-12T12:54:15 IST" duration-ms="2634" status="PASS">
          <reporter-output>
          </reporter-output>
        </test-method> <!-- Gs -->
      </class> <!-- New.Tests -->
    </test> <!-- Default test -->
  </suite> <!-- Default suite -->
</testng-results>
